<?xml version="1.0" encoding="UTF-8"?>
<!-- Generated by org.testng.reporters.JUnitReportReporter -->
<testsuite hostname="LIN49004476" failures="0" tests="1" name="MyRunner.TestRunner" time="0.197" errors="0" timestamp="07 Nov 2022 14:56:09 GMT" skipped="0">
  <testcase classname="MyRunner.TestRunner" name="feature" time="0.197"/>
</testsuite> <!-- MyRunner.TestRunner -->
