<?xml version="1.0" encoding="UTF-8"?>
<!-- Generated by org.testng.reporters.JUnitReportReporter -->
<testsuite hostname="LIN49004476" failures="0" tests="1" name="stepDefinitions.SecondScenarioStepDefinition" time="0.006" errors="0" timestamp="07 Nov 2022 14:08:50 GMT" skipped="0">
  <testcase classname="stepDefinitions.SecondScenarioStepDefinition" name="testmethod" time="0.006"/>
</testsuite> <!-- stepDefinitions.SecondScenarioStepDefinition -->
